[BENCH] DB index S=1000000 L=21  query=csv  use_cpp=TRUE
[BENCH] output CSV: test/bench/bench_run_match_fast_smoke1M_CPP.csv
2025-08-28 20:53:05 [PAIR] chunk=10000 workers=6 chunks=100 
[CHUNK][START] cs=10000 k=1 N=10000
[CHUNK][START] cs=10000 k=2 N=10000
[CHUNK][START] cs=10000 k=3 N=10000
[CHUNK][START] cs=10000 k=4 N=10000
[CHUNK][START] cs=10000 k=5 N=10000
[CHUNK][START] cs=10000 k=6 N=10000
[CHUNK][START] cs=10000 k=7 N=10000
[CHUNK][START] cs=10000 k=8 N=10000
[CHUNK][START] cs=10000 k=9 N=10000
[CHUNK][START] cs=10000 k=10 N=10000
[CHUNK][START] cs=10000 k=11 N=10000
[CHUNK][START] cs=10000 k=12 N=10000
[CHUNK][START] cs=10000 k=13 N=10000
[CHUNK][START] cs=10000 k=14 N=10000
[CHUNK][START] cs=10000 k=15 N=10000
[CHUNK][START] cs=10000 k=16 N=10000
[CHUNK][START] cs=10000 k=17 N=10000
[CHUNK][START] cs=10000 k=18 N=10000
[CHUNK][START] cs=10000 k=19 N=10000
[CHUNK][START] cs=10000 k=20 N=10000
[CHUNK][START] cs=10000 k=21 N=10000
[CHUNK][START] cs=10000 k=22 N=10000
[CHUNK][START] cs=10000 k=23 N=10000
[CHUNK][START] cs=10000 k=24 N=10000
[CHUNK][START] cs=10000 k=25 N=10000
[CHUNK][START] cs=10000 k=26 N=10000
[CHUNK][START] cs=10000 k=27 N=10000
[CHUNK][START] cs=10000 k=28 N=10000
[CHUNK][START] cs=10000 k=29 N=10000
[CHUNK][START] cs=10000 k=30 N=10000
[CHUNK][START] cs=10000 k=31 N=10000
[CHUNK][START] cs=10000 k=32 N=10000
[CHUNK][START] cs=10000 k=33 N=10000
[CHUNK][START] cs=10000 k=34 N=10000
[CHUNK][START] cs=10000 k=35 N=10000
[CHUNK][START] cs=10000 k=36 N=10000
[CHUNK][START] cs=10000 k=37 N=10000
[CHUNK][START] cs=10000 k=38 N=10000
[CHUNK][START] cs=10000 k=39 N=10000
[CHUNK][START] cs=10000 k=40 N=10000
[CHUNK][START] cs=10000 k=41 N=10000
[CHUNK][START] cs=10000 k=42 N=10000
[CHUNK][START] cs=10000 k=43 N=10000
[CHUNK][START] cs=10000 k=44 N=10000
[CHUNK][START] cs=10000 k=45 N=10000
[CHUNK][START] cs=10000 k=46 N=10000
[CHUNK][START] cs=10000 k=47 N=10000
[CHUNK][START] cs=10000 k=48 N=10000
[CHUNK][START] cs=10000 k=49 N=10000
[CHUNK][START] cs=10000 k=50 N=10000
[CHUNK][START] cs=10000 k=51 N=10000
[CHUNK][START] cs=10000 k=52 N=10000
[CHUNK][START] cs=10000 k=53 N=10000
[CHUNK][START] cs=10000 k=54 N=10000
[CHUNK][START] cs=10000 k=55 N=10000
[CHUNK][START] cs=10000 k=56 N=10000
[CHUNK][START] cs=10000 k=57 N=10000
[CHUNK][START] cs=10000 k=58 N=10000
[CHUNK][START] cs=10000 k=59 N=10000
[CHUNK][START] cs=10000 k=60 N=10000
[CHUNK][START] cs=10000 k=61 N=10000
[CHUNK][START] cs=10000 k=62 N=10000
[CHUNK][START] cs=10000 k=63 N=10000
[CHUNK][START] cs=10000 k=64 N=10000
[CHUNK][START] cs=10000 k=65 N=10000
[CHUNK][START] cs=10000 k=66 N=10000
[CHUNK][START] cs=10000 k=67 N=10000
[CHUNK][START] cs=10000 k=68 N=10000
[CHUNK][START] cs=10000 k=69 N=10000
[CHUNK][START] cs=10000 k=70 N=10000
[CHUNK][START] cs=10000 k=71 N=10000
[CHUNK][START] cs=10000 k=72 N=10000
[CHUNK][START] cs=10000 k=73 N=10000
[CHUNK][START] cs=10000 k=74 N=10000
[CHUNK][START] cs=10000 k=75 N=10000
[CHUNK][START] cs=10000 k=76 N=10000
[CHUNK][START] cs=10000 k=77 N=10000
[CHUNK][START] cs=10000 k=78 N=10000
[CHUNK][START] cs=10000 k=79 N=10000
[CHUNK][START] cs=10000 k=80 N=10000
[CHUNK][START] cs=10000 k=81 N=10000
[CHUNK][START] cs=10000 k=82 N=10000
[CHUNK][START] cs=10000 k=83 N=10000
[CHUNK][START] cs=10000 k=84 N=10000
[CHUNK][START] cs=10000 k=85 N=10000
[CHUNK][START] cs=10000 k=86 N=10000
[CHUNK][START] cs=10000 k=87 N=10000
[CHUNK][START] cs=10000 k=88 N=10000
[CHUNK][START] cs=10000 k=89 N=10000
[CHUNK][START] cs=10000 k=90 N=10000
[CHUNK][START] cs=10000 k=91 N=10000
[CHUNK][START] cs=10000 k=92 N=10000
[CHUNK][START] cs=10000 k=93 N=10000
[CHUNK][START] cs=10000 k=94 N=10000
[CHUNK][START] cs=10000 k=95 N=10000
[CHUNK][START] cs=10000 k=96 N=10000
[CHUNK][START] cs=10000 k=97 N=10000
[CHUNK][START] cs=10000 k=98 N=10000
[CHUNK][START] cs=10000 k=99 N=10000
[CHUNK][START] cs=10000 k=100 N=10000
2025-08-28 20:53:21 [SUBMIT] batch=6 (cs=10000, workers=6) 
2025-08-28 20:53:36 [WAIT] cs=10000 workers=6 inflight=6 remain=94 
2025-08-28 20:54:08 [WAIT] cs=10000 workers=6 inflight=6 remain=94 
[CHUNK] cs=10000 k=1 N=10000 rows=10000 ms_total=79430 thr_s=125.897016240715 thr_L=2643.83734105502
[CHUNK] cs=10000 k=2 N=10000 rows=10000 ms_total=80910 thr_s=123.594116920035 thr_L=2595.47645532073
[CHUNK] cs=10000 k=3 N=10000 rows=10000 ms_total=81390 thr_s=122.865216857108 thr_L=2580.16955399926

警告メッセージ:
1: パッケージ 'future' はバージョン 4.5.1 の R の下で造られました 
2: パッケージ 'future' はバージョン 4.5.1 の R の下で造られました 
3: パッケージ 'future' はバージョン 4.5.1 の R の下で造られました 
実行が停止されました 
[BENCH] DB index S=1000000 L=21  query=csv  use_cpp=TRUE
[BENCH] output CSV: test/bench/bench_run_match_fast_smoke1M_CPP.csv
2025-08-28 20:54:50 [PAIR] chunk=10000 workers=6 chunks=100 
[CHUNK][START] cs=10000 k=4 N=10000
[CHUNK][START] cs=10000 k=5 N=10000
[CHUNK][START] cs=10000 k=6 N=10000
[CHUNK][START] cs=10000 k=7 N=10000
[CHUNK][START] cs=10000 k=8 N=10000
[CHUNK][START] cs=10000 k=9 N=10000
[CHUNK][START] cs=10000 k=10 N=10000
[CHUNK][START] cs=10000 k=11 N=10000
[CHUNK][START] cs=10000 k=12 N=10000
[CHUNK][START] cs=10000 k=13 N=10000
[CHUNK][START] cs=10000 k=14 N=10000
[CHUNK][START] cs=10000 k=15 N=10000
[CHUNK][START] cs=10000 k=16 N=10000
[CHUNK][START] cs=10000 k=17 N=10000
[CHUNK][START] cs=10000 k=18 N=10000
[CHUNK][START] cs=10000 k=19 N=10000
[CHUNK][START] cs=10000 k=20 N=10000
[CHUNK][START] cs=10000 k=21 N=10000
[CHUNK][START] cs=10000 k=22 N=10000
[CHUNK][START] cs=10000 k=23 N=10000
[CHUNK][START] cs=10000 k=24 N=10000
[CHUNK][START] cs=10000 k=25 N=10000
[CHUNK][START] cs=10000 k=26 N=10000
[CHUNK][START] cs=10000 k=27 N=10000
[CHUNK][START] cs=10000 k=28 N=10000
[CHUNK][START] cs=10000 k=29 N=10000
[CHUNK][START] cs=10000 k=30 N=10000
[CHUNK][START] cs=10000 k=31 N=10000
[CHUNK][START] cs=10000 k=32 N=10000
[CHUNK][START] cs=10000 k=33 N=10000
[CHUNK][START] cs=10000 k=34 N=10000
[CHUNK][START] cs=10000 k=35 N=10000
[CHUNK][START] cs=10000 k=36 N=10000
[CHUNK][START] cs=10000 k=37 N=10000
[CHUNK][START] cs=10000 k=38 N=10000
[CHUNK][START] cs=10000 k=39 N=10000
[CHUNK][START] cs=10000 k=40 N=10000
[CHUNK][START] cs=10000 k=41 N=10000
[CHUNK][START] cs=10000 k=42 N=10000
[CHUNK][START] cs=10000 k=43 N=10000
[CHUNK][START] cs=10000 k=44 N=10000
[CHUNK][START] cs=10000 k=45 N=10000
[CHUNK][START] cs=10000 k=46 N=10000
[CHUNK][START] cs=10000 k=47 N=10000
[CHUNK][START] cs=10000 k=48 N=10000
[CHUNK][START] cs=10000 k=49 N=10000
[CHUNK][START] cs=10000 k=50 N=10000
[CHUNK][START] cs=10000 k=51 N=10000
[CHUNK][START] cs=10000 k=52 N=10000
[CHUNK][START] cs=10000 k=53 N=10000
[CHUNK][START] cs=10000 k=54 N=10000
[CHUNK][START] cs=10000 k=55 N=10000
[CHUNK][START] cs=10000 k=56 N=10000
[CHUNK][START] cs=10000 k=57 N=10000
[CHUNK][START] cs=10000 k=58 N=10000
[CHUNK][START] cs=10000 k=59 N=10000
[CHUNK][START] cs=10000 k=60 N=10000
[CHUNK][START] cs=10000 k=61 N=10000
[CHUNK][START] cs=10000 k=62 N=10000
[CHUNK][START] cs=10000 k=63 N=10000
[CHUNK][START] cs=10000 k=64 N=10000
[CHUNK][START] cs=10000 k=65 N=10000
[CHUNK][START] cs=10000 k=66 N=10000
[CHUNK][START] cs=10000 k=67 N=10000
[CHUNK][START] cs=10000 k=68 N=10000
[CHUNK][START] cs=10000 k=69 N=10000
[CHUNK][START] cs=10000 k=70 N=10000
[CHUNK][START] cs=10000 k=71 N=10000
[CHUNK][START] cs=10000 k=72 N=10000
[CHUNK][START] cs=10000 k=73 N=10000
[CHUNK][START] cs=10000 k=74 N=10000
[CHUNK][START] cs=10000 k=75 N=10000
[CHUNK][START] cs=10000 k=76 N=10000
[CHUNK][START] cs=10000 k=77 N=10000
[CHUNK][START] cs=10000 k=78 N=10000
[CHUNK][START] cs=10000 k=79 N=10000
[CHUNK][START] cs=10000 k=80 N=10000
[CHUNK][START] cs=10000 k=81 N=10000
[CHUNK][START] cs=10000 k=82 N=10000
[CHUNK][START] cs=10000 k=83 N=10000
[CHUNK][START] cs=10000 k=84 N=10000
[CHUNK][START] cs=10000 k=85 N=10000
[CHUNK][START] cs=10000 k=86 N=10000
[CHUNK][START] cs=10000 k=87 N=10000
[CHUNK][START] cs=10000 k=88 N=10000
[CHUNK][START] cs=10000 k=89 N=10000
[CHUNK][START] cs=10000 k=90 N=10000
[CHUNK][START] cs=10000 k=91 N=10000
[CHUNK][START] cs=10000 k=92 N=10000
[CHUNK][START] cs=10000 k=93 N=10000
[CHUNK][START] cs=10000 k=94 N=10000
[CHUNK][START] cs=10000 k=95 N=10000
[CHUNK][START] cs=10000 k=96 N=10000
[CHUNK][START] cs=10000 k=97 N=10000
[CHUNK][START] cs=10000 k=98 N=10000
[CHUNK][START] cs=10000 k=99 N=10000
[CHUNK][START] cs=10000 k=100 N=10000
2025-08-28 20:55:07 [SUBMIT] batch=6 (cs=10000, workers=6) 
2025-08-28 20:55:22 [WAIT] cs=10000 workers=6 inflight=6 remain=91 
2025-08-28 20:55:53 [WAIT] cs=10000 workers=6 inflight=6 remain=91 
[CHUNK] cs=10000 k=4 N=10000 rows=10000 ms_total=80140 thr_s=124.781632143748 thr_L=2620.41427501872
[CHUNK] cs=10000 k=5 N=10000 rows=10000 ms_total=81320 thr_s=122.970978848992 thr_L=2582.39055582882
[CHUNK] cs=10000 k=6 N=10000 rows=10000 ms_total=81350 thr_s=122.925629993854 thr_L=2581.43822987093
[CHUNK] cs=10000 k=7 N=10000 rows=10000 ms_total=81450 thr_s=122.774708410068 thr_L=2578.26887661142
[CHUNK] cs=10000 k=8 N=10000 rows=10000 ms_total=81490 thr_s=122.714443489999 thr_L=2577.00331328997
[CHUNK] cs=10000 k=9 N=10000 rows=10000 ms_total=80160 thr_s=124.750499001996 thr_L=2619.76047904192
2025-08-28 20:56:37 [WAIT] cs=10000 workers=6 inflight=6 remain=85 
2025-08-28 20:57:08 [WAIT] cs=10000 workers=6 inflight=6 remain=85 
[CHUNK] cs=10000 k=10 N=10000 rows=10000 ms_total=77120 thr_s=129.668049792531 thr_L=2723.02904564315
2025-08-28 20:57:41 [WAIT] cs=10000 workers=6 inflight=6 remain=84 
[CHUNK] cs=10000 k=11 N=10000 rows=10000 ms_total=78130 thr_s=127.991808524254 thr_L=2687.82797900934
[CHUNK] cs=10000 k=12 N=10000 rows=10000 ms_total=78330 thr_s=127.665007021575 thr_L=2680.96514745308
[CHUNK] cs=10000 k=13 N=10000 rows=10000 ms_total=78060 thr_s=128.106584678452 thr_L=2690.2382782475
[CHUNK] cs=10000 k=14 N=10000 rows=10000 ms_total=78160 thr_s=127.942681678608 thr_L=2686.79631525077
[CHUNK] cs=10000 k=15 N=10000 rows=10000 ms_total=77210 thr_s=129.516901955705 thr_L=2719.85494106981
2025-08-28 20:58:12 [WAIT] cs=10000 workers=6 inflight=6 remain=79 
2025-08-28 20:58:44 [WAIT] cs=10000 workers=6 inflight=6 remain=79 
[CHUNK] cs=10000 k=16 N=10000 rows=10000 ms_total=79660 thr_s=125.533517449159 thr_L=2636.20386643234
[CHUNK] cs=10000 k=17 N=10000 rows=10000 ms_total=80140 thr_s=124.781632143748 thr_L=2620.41427501872
[CHUNK] cs=10000 k=18 N=10000 rows=10000 ms_total=79970 thr_s=125.046892584719 thr_L=2625.9847442791
[CHUNK] cs=10000 k=19 N=10000 rows=10000 ms_total=79120 thr_s=126.39029322548 thr_L=2654.19615773508
[CHUNK] cs=10000 k=20 N=10000 rows=10000 ms_total=79530 thr_s=125.738714950333 thr_L=2640.513013957
[CHUNK] cs=10000 k=21 N=10000 rows=10000 ms_total=78800 thr_s=126.903553299492 thr_L=2664.97461928934
2025-08-28 20:59:27 [WAIT] cs=10000 workers=6 inflight=6 remain=73 
2025-08-28 20:59:59 [WAIT] cs=10000 workers=6 inflight=6 remain=73 
[CHUNK] cs=10000 k=22 N=10000 rows=10000 ms_total=78250 thr_s=127.79552715655 thr_L=2683.70607028754
2025-08-28 21:00:30 [WAIT] cs=10000 workers=6 inflight=6 remain=72 
[CHUNK] cs=10000 k=23 N=10000 rows=10000 ms_total=78720 thr_s=127.032520325203 thr_L=2667.68292682927
[CHUNK] cs=10000 k=24 N=10000 rows=10000 ms_total=79250 thr_s=126.182965299685 thr_L=2649.84227129338
[CHUNK] cs=10000 k=25 N=10000 rows=10000 ms_total=78860 thr_s=126.806999746386 thr_L=2662.94699467411
[CHUNK] cs=10000 k=26 N=10000 rows=10000 ms_total=79140 thr_s=126.358352287086 thr_L=2653.52539802881
[CHUNK] cs=10000 k=27 N=10000 rows=10000 ms_total=78910 thr_s=126.726650614624 thr_L=2661.25966290711
2025-08-28 21:01:01 [WAIT] cs=10000 workers=6 inflight=6 remain=67 
2025-08-28 21:01:32 [WAIT] cs=10000 workers=6 inflight=6 remain=67 
[CHUNK] cs=10000 k=28 N=10000 rows=10000 ms_total=85670 thr_s=116.726975604062 thr_L=2451.2664876853
[CHUNK] cs=10000 k=29 N=10000 rows=10000 ms_total=85900 thr_s=116.414435389988 thr_L=2444.70314318975
[CHUNK] cs=10000 k=30 N=10000 rows=10000 ms_total=85970 thr_s=116.319646388275 thr_L=2442.71257415377
[CHUNK] cs=10000 k=31 N=10000 rows=10000 ms_total=85960 thr_s=116.333178222429 thr_L=2442.99674267101
[CHUNK] cs=10000 k=32 N=10000 rows=10000 ms_total=86730 thr_s=115.300357431108 thr_L=2421.30750605327
[CHUNK] cs=10000 k=33 N=10000 rows=10000 ms_total=86210 thr_s=115.995824150331 thr_L=2435.91230715694
2025-08-28 21:02:23 [WAIT] cs=10000 workers=6 inflight=6 remain=61 
2025-08-28 21:02:55 [WAIT] cs=10000 workers=6 inflight=6 remain=61 
2025-08-28 21:03:26 [WAIT] cs=10000 workers=6 inflight=6 remain=61 
[CHUNK] cs=10000 k=34 N=10000 rows=10000 ms_total=84750 thr_s=117.994100294985 thr_L=2477.87610619469
[CHUNK] cs=10000 k=35 N=10000 rows=10000 ms_total=84830 thr_s=117.882824472474 thr_L=2475.53931392196
[CHUNK] cs=10000 k=36 N=10000 rows=10000 ms_total=83720 thr_s=119.445771619685 thr_L=2508.36120401338
[CHUNK] cs=10000 k=37 N=10000 rows=10000 ms_total=84330 thr_s=118.581762124985 thr_L=2490.21700462469
[CHUNK] cs=10000 k=38 N=10000 rows=10000 ms_total=84330 thr_s=118.581762124985 thr_L=2490.21700462469
[CHUNK] cs=10000 k=39 N=10000 rows=10000 ms_total=83610 thr_s=119.602918311207 thr_L=2511.66128453534
2025-08-28 21:03:58 [WAIT] cs=10000 workers=6 inflight=6 remain=55 
2025-08-28 21:04:30 [WAIT] cs=10000 workers=6 inflight=6 remain=55 
[CHUNK] cs=10000 k=40 N=10000 rows=10000 ms_total=86500 thr_s=115.606936416185 thr_L=2427.74566473988
2025-08-28 21:05:06 [WAIT] cs=10000 workers=6 inflight=6 remain=54 
[CHUNK] cs=10000 k=41 N=10000 rows=10000 ms_total=87050 thr_s=114.876507754164 thr_L=2412.40666283745
[CHUNK] cs=10000 k=42 N=10000 rows=10000 ms_total=87320 thr_s=114.521300961979 thr_L=2404.94732020156
[CHUNK] cs=10000 k=43 N=10000 rows=10000 ms_total=86840 thr_s=115.154306771073 thr_L=2418.24044219254
[CHUNK] cs=10000 k=44 N=10000 rows=10000 ms_total=86860 thr_s=115.127791848952 thr_L=2417.683628828
[CHUNK] cs=10000 k=45 N=10000 rows=10000 ms_total=86610 thr_s=115.460108532502 thr_L=2424.66227918254
2025-08-28 21:05:37 [WAIT] cs=10000 workers=6 inflight=6 remain=49 
2025-08-28 21:06:08 [WAIT] cs=10000 workers=6 inflight=6 remain=49 
[CHUNK] cs=10000 k=46 N=10000 rows=10000 ms_total=82180 thr_s=121.684108055488 thr_L=2555.36626916525
[CHUNK] cs=10000 k=47 N=10000 rows=10000 ms_total=83710 thr_s=119.460040616414 thr_L=2508.66085294469
[CHUNK] cs=10000 k=48 N=10000 rows=10000 ms_total=83590 thr_s=119.631534872593 thr_L=2512.26223232444
[CHUNK] cs=10000 k=49 N=10000 rows=10000 ms_total=81840 thr_s=122.189638318671 thr_L=2565.98240469208
[CHUNK] cs=10000 k=50 N=10000 rows=10000 ms_total=81380 thr_s=122.880314573605 thr_L=2580.48660604571
[CHUNK] cs=10000 k=51 N=10000 rows=10000 ms_total=79870 thr_s=125.203455615375 thr_L=2629.27256792287
2025-08-28 21:06:56 [WAIT] cs=10000 workers=6 inflight=6 remain=43 
2025-08-28 21:07:28 [WAIT] cs=10000 workers=6 inflight=6 remain=43 
[CHUNK] cs=10000 k=52 N=10000 rows=10000 ms_total=78390 thr_s=127.567291746396 thr_L=2678.91312667432
2025-08-28 21:07:59 [WAIT] cs=10000 workers=6 inflight=6 remain=42 
[CHUNK] cs=10000 k=53 N=10000 rows=10000 ms_total=77720 thr_s=128.667009778693 thr_L=2702.00720535255
[CHUNK] cs=10000 k=54 N=10000 rows=10000 ms_total=77780 thr_s=128.567755206994 thr_L=2699.92285934688
[CHUNK] cs=10000 k=55 N=10000 rows=10000 ms_total=78120 thr_s=128.008192524322 thr_L=2688.17204301075
[CHUNK] cs=10000 k=56 N=10000 rows=10000 ms_total=78380 thr_s=127.58356723654 thr_L=2679.25491196734
[CHUNK] cs=10000 k=57 N=10000 rows=10000 ms_total=77420 thr_s=129.165590286747 thr_L=2712.4773960217
2025-08-28 21:08:31 [WAIT] cs=10000 workers=6 inflight=6 remain=37 
2025-08-28 21:09:02 [WAIT] cs=10000 workers=6 inflight=6 remain=37 
[CHUNK] cs=10000 k=58 N=10000 rows=10000 ms_total=78720 thr_s=127.032520325203 thr_L=2667.68292682927
[CHUNK] cs=10000 k=59 N=10000 rows=10000 ms_total=78820 thr_s=126.871352448617 thr_L=2664.29840142096
[CHUNK] cs=10000 k=60 N=10000 rows=10000 ms_total=77580 thr_s=128.899200824955 thr_L=2706.88321732406
[CHUNK] cs=10000 k=61 N=10000 rows=10000 ms_total=76020 thr_s=131.544330439358 thr_L=2762.43093922652
[CHUNK] cs=10000 k=62 N=10000 rows=10000 ms_total=76900 thr_s=130.039011703511 thr_L=2730.81924577373
[CHUNK] cs=10000 k=63 N=10000 rows=10000 ms_total=75340 thr_s=132.731616671091 thr_L=2787.36395009292
2025-08-28 21:09:41 [WAIT] cs=10000 workers=6 inflight=6 remain=31 

警告メッセージ:
1: パッケージ 'future' はバージョン 4.5.1 の R の下で造られました 
2: パッケージ 'future' はバージョン 4.5.1 の R の下で造られました 
3: パッケージ 'future' はバージョン 4.5.1 の R の下で造られました 
4: パッケージ 'future' はバージョン 4.5.1 の R の下で造られました 
5: パッケージ 'future' はバージョン 4.5.1 の R の下で造られました 
6: パッケージ 'future' はバージョン 4.5.1 の R の下で造られました 
実行が停止されました 
